# configure exec: ./configure --prefix=/home/shsnow/Documents/CodeWatonesGPT/T2SD/Kfka/node_modules/node-rdkafka/build/deps --libdir=/home/shsnow/Documents/CodeWatonesGPT/T2SD/Kfka/node_modules/node-rdkafka/build/deps --prefix=/home/shsnow/Documents/CodeWatonesGPT/T2SD/Kfka/node_modules/node-rdkafka/build/deps --libdir=/home/shsnow/Documents/CodeWatonesGPT/T2SD/Kfka/node_modules/node-rdkafka/build/deps
# On mié 24 may 2023 06:35:52 -04
DBG 55979: Setting distro (distro) status to ok (action ignore)
DBG 55979: ccenv: WITH_CC:  --version failed: mklove/modules/configure.base: line 1824: --version: command not found
DBG 55979: Setting ccenv (ccenv) status to failed (action cont)
DBG 55979: Check ccenv (WITH_CC, action cont (originally cont)) failed: command ' --version' failed:
mklove/modules/configure.base: line 1824: --version: command not found
DBG 55979: Setting gcc (gcc) status to ok (action cont)
DBG 55979: cxxenv: WITH_CXX:  --version failed: mklove/modules/configure.base: line 1824: --version: command not found
DBG 55979: Setting cxxenv (cxxenv) status to failed (action cont)
DBG 55979: Check cxxenv (WITH_CXX, action cont (originally cont)) failed: command ' --version' failed:
mklove/modules/configure.base: line 1824: --version: command not found
DBG 55979: Setting gxx (gxx) status to ok (action cont)
DBG 55979: Setting ld (ld) status to ok (action disable)
DBG 55979: Setting nm (nm) status to ok (action disable)
DBG 55979: Setting objdump (objdump) status to ok (action disable)
DBG 55979: Setting strip (strip) status to ok (action disable)
DBG 55979: libtool: : libtool is not executable: 
DBG 55979: Setting libtool (libtool) status to failed (action disable)
DBG 55979: Check libtool (, action disable (originally disable)) failed: libtool is not executable
DBG 55979: Setting ranlib (ranlib) status to ok (action disable)
DBG 55979: Setting pkgconfig (pkgconfig) status to ok (action cont)
DBG 55979: Setting install (install) status to ok (action cont)
DBG 55979: Setting gnuar (gnuar) status to ok (action disable)
DBG 55979: Compile check PIC (HAVE_PIC) (sub=0): gcc  -g -O2 -Wall -Werror _mkltmpLfOoBq.c -o _mkltmpLfOoBq.c.o  -L/home/shsnow/Documents/CodeWatonesGPT/T2SD/Kfka/node_modules/node-rdkafka/build/deps -fPIC 
DBG 55979: Setting PIC (PIC) status to ok (action disable)
DBG 55979: Compile check gnulib (WITH_GNULD) (sub=0): gcc  -g -O2 -fPIC -Wall -Werror _mkltmppemKkV.c -o _mkltmppemKkV.c.o  -L/home/shsnow/Documents/CodeWatonesGPT/T2SD/Kfka/node_modules/node-rdkafka/build/deps -shared -Wl,-soname,mkltest.0 
DBG 55979: Setting gnulib (gnulib) status to ok (action cont)
DBG 55979: Compile check ldsflagvs () (sub=0): gcc  -g -O2 -fPIC -Wall -Werror _mkltmpt6mAOP.c -o _mkltmpt6mAOP.c.o  -L/home/shsnow/Documents/CodeWatonesGPT/T2SD/Kfka/node_modules/node-rdkafka/build/deps -shared -Wl,--version-script=_mkltmpY7xcJs 
DBG 55979: Setting ldsflagvs (ldsflagvs) status to ok (action cont)
DBG 55979: Compile check __atomic_32 (HAVE_ATOMICS_32) (sub=0): gcc  -g -O2 -fPIC -Wall -Werror _mkltmparTgvG.c -o _mkltmparTgvG.c.o  -L/home/shsnow/Documents/CodeWatonesGPT/T2SD/Kfka/node_modules/node-rdkafka/build/deps  
DBG 55979: Setting __atomic_32 (__atomic_32) status to ok (action cont)
DBG 55979: Compile check __atomic_64 (HAVE_ATOMICS_64) (sub=0): gcc  -g -O2 -fPIC -Wall -Werror _mkltmpvTtlif.c -o _mkltmpvTtlif.c.o  -L/home/shsnow/Documents/CodeWatonesGPT/T2SD/Kfka/node_modules/node-rdkafka/build/deps  
DBG 55979: Setting __atomic_64 (__atomic_64) status to ok (action cont)
DBG 55979: Compile check socket () (sub=0): gcc  -g -O2 -fPIC -Wall -Wsign-compare -Wfloat-equal -Wpointer-arith -Wcast-align -Wall -Werror _mkltmpAL1DKC.c -o _mkltmpAL1DKC.c.o  -L/home/shsnow/Documents/CodeWatonesGPT/T2SD/Kfka/node_modules/node-rdkafka/build/deps  
DBG 55979: Setting socket (socket) status to ok (action cont)
DBG 55979: Setting parseversion (parseversion) status to ok (action cont)
DBG 55979: pkg-config check librt for CFLAGS (): pkg-config --short-errors --cflags librt
DBG 55979: 'pkg-config --short-errors --cflags librt' failed: No package 'librt' found
DBG 55979: Setting librt_PKGCONFIG (librt_PKGCONFIG) status to failed (action cont)
DBG 55979: Check librt_PKGCONFIG (, action cont (originally cont)) failed: 'pkg-config --short-errors --cflags librt' failed:
No package 'librt' found
DBG 55979: librt: Check for static library (libs -lrt, arfile variable STATIC_LIB_librt=, static filenames )
DBG 55979: Compile check librt () (sub=0): gcc  -g -O2 -fPIC -Wall -Wsign-compare -Wfloat-equal -Wpointer-arith -Wcast-align -Wall -Werror _mkltmp765LWN.c -o _mkltmp765LWN.c.o  -L/home/shsnow/Documents/CodeWatonesGPT/T2SD/Kfka/node_modules/node-rdkafka/build/deps -lrt 
DBG 55979: Setting librt (librt) status to ok (action cont)
DBG 55979: librt: from lib_check: LIBS: prepend -lrt
DBG 55979: pkg-config check libpthread for CFLAGS (): pkg-config --short-errors --cflags libpthread
DBG 55979: 'pkg-config --short-errors --cflags libpthread' failed: No package 'libpthread' found
DBG 55979: Setting libpthread_PKGCONFIG (libpthread_PKGCONFIG) status to failed (action cont)
DBG 55979: Check libpthread_PKGCONFIG (, action cont (originally cont)) failed: 'pkg-config --short-errors --cflags libpthread' failed:
No package 'libpthread' found
DBG 55979: libpthread: Check for static library (libs -lpthread, arfile variable STATIC_LIB_libpthread=, static filenames )
DBG 55979: Compile check libpthread () (sub=0): gcc  -g -O2 -fPIC -Wall -Wsign-compare -Wfloat-equal -Wpointer-arith -Wcast-align -Wall -Werror _mkltmpNp9xhp.c -o _mkltmpNp9xhp.c.o  -L/home/shsnow/Documents/CodeWatonesGPT/T2SD/Kfka/node_modules/node-rdkafka/build/deps -lpthread -lrt
DBG 55979: Setting libpthread (libpthread) status to ok (action fail)
DBG 55979: libpthread: from lib_check: LIBS: prepend -lpthread
DBG 55979: pkg-config check c11threads for CFLAGS (WITH_C11THREADS): pkg-config --short-errors --cflags c11threads
DBG 55979: 'pkg-config --short-errors --cflags c11threads' failed: No package 'c11threads' found
DBG 55979: Setting c11threads_PKGCONFIG (c11threads_PKGCONFIG) status to failed (action cont)
DBG 55979: Check c11threads_PKGCONFIG (, action cont (originally cont)) failed: 'pkg-config --short-errors --cflags c11threads' failed:
No package 'c11threads' found
DBG 55979: c11threads: Check for static library (libs -lpthread -lrt, arfile variable STATIC_LIB_c11threads=, static filenames )
DBG 55979: Compile check c11threads (WITH_C11THREADS) (sub=0): gcc  -g -O2 -fPIC -Wall -Wsign-compare -Wfloat-equal -Wpointer-arith -Wcast-align -Wall -Werror _mkltmpbIZpD1.c -o _mkltmpbIZpD1.c.o  -L/home/shsnow/Documents/CodeWatonesGPT/T2SD/Kfka/node_modules/node-rdkafka/build/deps -lpthread -lrt -lpthread -lrt
DBG 55979: Setting c11threads (c11threads) status to ok (action disable)
DBG 55979: c11threads: from lib_check: LIBS: prepend -lpthread -lrt
DBG 55979: pkg-config check libdl for CFLAGS (WITH_LIBDL): pkg-config --short-errors --cflags libdl
DBG 55979: 'pkg-config --short-errors --cflags libdl' failed: No package 'libdl' found
DBG 55979: Setting libdl_PKGCONFIG (libdl_PKGCONFIG) status to failed (action cont)
DBG 55979: Check libdl_PKGCONFIG (, action cont (originally cont)) failed: 'pkg-config --short-errors --cflags libdl' failed:
No package 'libdl' found
DBG 55979: libdl: Check for static library (libs -ldl, arfile variable STATIC_LIB_libdl=, static filenames )
DBG 55979: Compile check libdl (WITH_LIBDL) (sub=0): gcc  -g -O2 -fPIC -Wall -Wsign-compare -Wfloat-equal -Wpointer-arith -Wcast-align -Wall -Werror _mkltmp2WjQiU.c -o _mkltmp2WjQiU.c.o  -L/home/shsnow/Documents/CodeWatonesGPT/T2SD/Kfka/node_modules/node-rdkafka/build/deps -ldl -lpthread -lrt -lpthread -lrt
DBG 55979: Setting libdl (libdl) status to ok (action disable)
DBG 55979: libdl: from lib_check: LIBS: prepend -ldl
DBG 55979: pkg-config check zlib for CFLAGS (WITH_ZLIB): pkg-config --short-errors --cflags zlib
DBG 55979: pkg-config check zlib for LIBS (WITH_ZLIB): pkg-config --short-errors --libs zlib
DBG 55979: zlib: from pkg-config: CFLAGS '', LIBS '-ldl -lpthread -lrt -lpthread -lrt'
DBG 55979: zlib: performing compile check using pkg-config info
DBG 55979: Compile check zlib (WITH_ZLIB) (sub=1): gcc  -g -O2 -fPIC -Wall -Wsign-compare -Wfloat-equal -Wpointer-arith -Wcast-align -Wall -Werror _mkltmpLASZ58.c -o _mkltmpLASZ58.c.o  -L/home/shsnow/Documents/CodeWatonesGPT/T2SD/Kfka/node_modules/node-rdkafka/build/deps  -lz -ldl -lpthread -lrt -lpthread -lrt
DBG 55979: zlib: Check for static library (libs -lz, arfile variable STATIC_LIB_zlib=, static filenames libz.a)
DBG 55979: zlib: from pkg-config: LIBS: prepend -lz
DBG 55979: Setting zlib (zlib) status to ok (action cont)
DBG 55979: pkg-config check libcrypto for CFLAGS (): pkg-config --short-errors --cflags libcrypto
DBG 55979: 'pkg-config --short-errors --cflags libcrypto' failed: No package 'libcrypto' found
DBG 55979: Setting libcrypto_PKGCONFIG (libcrypto_PKGCONFIG) status to failed (action cont)
DBG 55979: Check libcrypto_PKGCONFIG (, action cont (originally cont)) failed: 'pkg-config --short-errors --cflags libcrypto' failed:
No package 'libcrypto' found
DBG 55979: libcrypto: Check for static library (libs -lcrypto, arfile variable STATIC_LIB_libcrypto=, static filenames libcrypto.a)
DBG 55979: Compile check libcrypto () (sub=0): gcc  -g -O2 -fPIC -Wall -Wsign-compare -Wfloat-equal -Wpointer-arith -Wcast-align -Wall -Werror _mkltmpHUxbYu.c -o _mkltmpHUxbYu.c.o  -L/home/shsnow/Documents/CodeWatonesGPT/T2SD/Kfka/node_modules/node-rdkafka/build/deps -lcrypto -lz -ldl -lpthread -lrt -lpthread -lrt
DBG 55979: compile check for libcrypto () failed: gcc  -g -O2 -fPIC -Wall -Wsign-compare -Wfloat-equal -Wpointer-arith -Wcast-align -Wall -Werror _mkltmpHUxbYu.c -o _mkltmpHUxbYu.c.o  -L/home/shsnow/Documents/CodeWatonesGPT/T2SD/Kfka/node_modules/node-rdkafka/build/deps -lcrypto -lz -ldl -lpthread -lrt -lpthread -lrt: _mkltmpHUxbYu.c:2:10: fatal error: openssl/ssl.h: No such file or directory
    2 | #include <openssl/ssl.h>
      |          ^~~~~~~~~~~~~~~
compilation terminated.
DBG 55979: Setting libcrypto (libcrypto) status to failed (action disable)
DBG 55979: Check libcrypto (, action disable (originally disable)) failed: compile check failed:
CC: CC
flags: -lcrypto
gcc  -g -O2 -fPIC -Wall -Wsign-compare -Wfloat-equal -Wpointer-arith -Wcast-align -Wall -Werror _mkltmpHUxbYu.c -o _mkltmpHUxbYu.c.o  -L/home/shsnow/Documents/CodeWatonesGPT/T2SD/Kfka/node_modules/node-rdkafka/build/deps -lcrypto -lz -ldl -lpthread -lrt -lpthread -lrt:
_mkltmpHUxbYu.c:2:10: fatal error: openssl/ssl.h: No such file or directory
    2 | #include <openssl/ssl.h>
      |          ^~~~~~~~~~~~~~~
compilation terminated.
source: 
#include <openssl/ssl.h>
#include <openssl/evp.h>
#if OPENSSL_VERSION_NUMBER < 0x1000100fL
#error "Requires OpenSSL version >= v1.0.1"
#endif
DBG 55979: pkg-config check libsasl2 for CFLAGS (WITH_SASL_CYRUS): pkg-config --short-errors --cflags libsasl2
DBG 55979: 'pkg-config --short-errors --cflags libsasl2' failed: No package 'libsasl2' found
DBG 55979: Setting libsasl2_PKGCONFIG (libsasl2_PKGCONFIG) status to failed (action cont)
DBG 55979: Check libsasl2_PKGCONFIG (, action cont (originally cont)) failed: 'pkg-config --short-errors --cflags libsasl2' failed:
No package 'libsasl2' found
DBG 55979: libsasl2: Check for static library (libs -lsasl2, arfile variable STATIC_LIB_libsasl2=, static filenames )
DBG 55979: Compile check libsasl2 (WITH_SASL_CYRUS) (sub=0): gcc  -g -O2 -fPIC -Wall -Wsign-compare -Wfloat-equal -Wpointer-arith -Wcast-align -Wall -Werror _mkltmpLTuuGj.c -o _mkltmpLTuuGj.c.o  -L/home/shsnow/Documents/CodeWatonesGPT/T2SD/Kfka/node_modules/node-rdkafka/build/deps -lsasl2 -lz -ldl -lpthread -lrt -lpthread -lrt
DBG 55979: compile check for libsasl2 (WITH_SASL_CYRUS) failed: gcc  -g -O2 -fPIC -Wall -Wsign-compare -Wfloat-equal -Wpointer-arith -Wcast-align -Wall -Werror _mkltmpLTuuGj.c -o _mkltmpLTuuGj.c.o  -L/home/shsnow/Documents/CodeWatonesGPT/T2SD/Kfka/node_modules/node-rdkafka/build/deps -lsasl2 -lz -ldl -lpthread -lrt -lpthread -lrt: _mkltmpLTuuGj.c:3:10: fatal error: sasl/sasl.h: No such file or directory
    3 | #include <sasl/sasl.h>
      |          ^~~~~~~~~~~~~
compilation terminated.
DBG 55979: Setting libsasl2 (libsasl2) status to failed (action disable)
DBG 55979: Check libsasl2 (WITH_SASL_CYRUS, action disable (originally disable)) failed: compile check failed:
CC: CC
flags: -lsasl2
gcc  -g -O2 -fPIC -Wall -Wsign-compare -Wfloat-equal -Wpointer-arith -Wcast-align -Wall -Werror _mkltmpLTuuGj.c -o _mkltmpLTuuGj.c.o  -L/home/shsnow/Documents/CodeWatonesGPT/T2SD/Kfka/node_modules/node-rdkafka/build/deps -lsasl2 -lz -ldl -lpthread -lrt -lpthread -lrt:
_mkltmpLTuuGj.c:3:10: fatal error: sasl/sasl.h: No such file or directory
    3 | #include <sasl/sasl.h>
      |          ^~~~~~~~~~~~~
compilation terminated.
source: 
#include <stddef.h>
#include <sasl/sasl.h>

DBG 55979: pkg-config check libsasl for CFLAGS (WITH_SASL_CYRUS): pkg-config --short-errors --cflags libsasl
DBG 55979: 'pkg-config --short-errors --cflags libsasl' failed: No package 'libsasl' found
DBG 55979: Setting libsasl_PKGCONFIG (libsasl_PKGCONFIG) status to failed (action cont)
DBG 55979: Check libsasl_PKGCONFIG (, action cont (originally cont)) failed: 'pkg-config --short-errors --cflags libsasl' failed:
No package 'libsasl' found
DBG 55979: libsasl: Check for static library (libs -lsasl, arfile variable STATIC_LIB_libsasl=, static filenames )
DBG 55979: Compile check libsasl (WITH_SASL_CYRUS) (sub=0): gcc  -g -O2 -fPIC -Wall -Wsign-compare -Wfloat-equal -Wpointer-arith -Wcast-align -Wall -Werror _mkltmpAlozPU.c -o _mkltmpAlozPU.c.o  -L/home/shsnow/Documents/CodeWatonesGPT/T2SD/Kfka/node_modules/node-rdkafka/build/deps -lsasl -lz -ldl -lpthread -lrt -lpthread -lrt
DBG 55979: compile check for libsasl (WITH_SASL_CYRUS) failed: gcc  -g -O2 -fPIC -Wall -Wsign-compare -Wfloat-equal -Wpointer-arith -Wcast-align -Wall -Werror _mkltmpAlozPU.c -o _mkltmpAlozPU.c.o  -L/home/shsnow/Documents/CodeWatonesGPT/T2SD/Kfka/node_modules/node-rdkafka/build/deps -lsasl -lz -ldl -lpthread -lrt -lpthread -lrt: _mkltmpAlozPU.c:3:10: fatal error: sasl/sasl.h: No such file or directory
    3 | #include <sasl/sasl.h>
      |          ^~~~~~~~~~~~~
compilation terminated.
DBG 55979: Setting libsasl (libsasl) status to failed (action disable)
DBG 55979: Check libsasl (WITH_SASL_CYRUS, action disable (originally disable)) failed: compile check failed:
CC: CC
flags: -lsasl
gcc  -g -O2 -fPIC -Wall -Wsign-compare -Wfloat-equal -Wpointer-arith -Wcast-align -Wall -Werror _mkltmpAlozPU.c -o _mkltmpAlozPU.c.o  -L/home/shsnow/Documents/CodeWatonesGPT/T2SD/Kfka/node_modules/node-rdkafka/build/deps -lsasl -lz -ldl -lpthread -lrt -lpthread -lrt:
_mkltmpAlozPU.c:3:10: fatal error: sasl/sasl.h: No such file or directory
    3 | #include <sasl/sasl.h>
      |          ^~~~~~~~~~~~~
compilation terminated.
source: 
#include <stddef.h>
#include <sasl/sasl.h>

DBG 55979: pkg-config check libzstd for CFLAGS (WITH_ZSTD): pkg-config --short-errors --cflags libzstd
DBG 55979: 'pkg-config --short-errors --cflags libzstd' failed: No package 'libzstd' found
DBG 55979: Setting libzstd_PKGCONFIG (libzstd_PKGCONFIG) status to failed (action cont)
DBG 55979: Check libzstd_PKGCONFIG (, action cont (originally cont)) failed: 'pkg-config --short-errors --cflags libzstd' failed:
No package 'libzstd' found
DBG 55979: libzstd: Check for static library (libs -lzstd, arfile variable STATIC_LIB_libzstd=, static filenames libzstd.a)
DBG 55979: Compile check libzstd (WITH_ZSTD) (sub=0): gcc  -g -O2 -fPIC -Wall -Wsign-compare -Wfloat-equal -Wpointer-arith -Wcast-align -Wall -Werror _mkltmpru0bLi.c -o _mkltmpru0bLi.c.o  -L/home/shsnow/Documents/CodeWatonesGPT/T2SD/Kfka/node_modules/node-rdkafka/build/deps -lzstd -lz -ldl -lpthread -lrt -lpthread -lrt
DBG 55979: compile check for libzstd (WITH_ZSTD) failed: gcc  -g -O2 -fPIC -Wall -Wsign-compare -Wfloat-equal -Wpointer-arith -Wcast-align -Wall -Werror _mkltmpru0bLi.c -o _mkltmpru0bLi.c.o  -L/home/shsnow/Documents/CodeWatonesGPT/T2SD/Kfka/node_modules/node-rdkafka/build/deps -lzstd -lz -ldl -lpthread -lrt -lpthread -lrt: _mkltmpru0bLi.c:2:10: fatal error: zstd.h: No such file or directory
    2 | #include <zstd.h>
      |          ^~~~~~~~
compilation terminated.
DBG 55979: Setting libzstd (libzstd) status to failed (action disable)
DBG 55979: Check libzstd (WITH_ZSTD, action disable (originally disable)) failed: compile check failed:
CC: CC
flags: -lzstd
gcc  -g -O2 -fPIC -Wall -Wsign-compare -Wfloat-equal -Wpointer-arith -Wcast-align -Wall -Werror _mkltmpru0bLi.c -o _mkltmpru0bLi.c.o  -L/home/shsnow/Documents/CodeWatonesGPT/T2SD/Kfka/node_modules/node-rdkafka/build/deps -lzstd -lz -ldl -lpthread -lrt -lpthread -lrt:
_mkltmpru0bLi.c:2:10: fatal error: zstd.h: No such file or directory
    2 | #include <zstd.h>
      |          ^~~~~~~~
compilation terminated.
source: 
#include <zstd.h>
#include <zstd_errors.h>

void foo (void) {
     ZSTD_getFrameContentSize(NULL, 0);
}

DBG 55979: pkg-config check libcurl for CFLAGS (WITH_CURL): pkg-config --short-errors --cflags libcurl
DBG 55979: 'pkg-config --short-errors --cflags libcurl' failed: No package 'libcurl' found
DBG 55979: Setting libcurl_PKGCONFIG (libcurl_PKGCONFIG) status to failed (action cont)
DBG 55979: Check libcurl_PKGCONFIG (, action cont (originally cont)) failed: 'pkg-config --short-errors --cflags libcurl' failed:
No package 'libcurl' found
DBG 55979: libcurl: Check for static library (libs -lcurl, arfile variable STATIC_LIB_libcurl=, static filenames libcurl.a)
DBG 55979: Compile check libcurl (WITH_CURL) (sub=0): gcc  -g -O2 -fPIC -Wall -Wsign-compare -Wfloat-equal -Wpointer-arith -Wcast-align -Wall -Werror _mkltmp6OpwLO.c -o _mkltmp6OpwLO.c.o  -L/home/shsnow/Documents/CodeWatonesGPT/T2SD/Kfka/node_modules/node-rdkafka/build/deps -lcurl -lz -ldl -lpthread -lrt -lpthread -lrt
DBG 55979: compile check for libcurl (WITH_CURL) failed: gcc  -g -O2 -fPIC -Wall -Wsign-compare -Wfloat-equal -Wpointer-arith -Wcast-align -Wall -Werror _mkltmp6OpwLO.c -o _mkltmp6OpwLO.c.o  -L/home/shsnow/Documents/CodeWatonesGPT/T2SD/Kfka/node_modules/node-rdkafka/build/deps -lcurl -lz -ldl -lpthread -lrt -lpthread -lrt: _mkltmp6OpwLO.c:2:10: fatal error: curl/curl.h: No such file or directory
    2 | #include <curl/curl.h>
      |          ^~~~~~~~~~~~~
compilation terminated.
DBG 55979: Setting libcurl (libcurl) status to failed (action disable)
DBG 55979: Check libcurl (WITH_CURL, action disable (originally disable)) failed: compile check failed:
CC: CC
flags: -lcurl
gcc  -g -O2 -fPIC -Wall -Wsign-compare -Wfloat-equal -Wpointer-arith -Wcast-align -Wall -Werror _mkltmp6OpwLO.c -o _mkltmp6OpwLO.c.o  -L/home/shsnow/Documents/CodeWatonesGPT/T2SD/Kfka/node_modules/node-rdkafka/build/deps -lcurl -lz -ldl -lpthread -lrt -lpthread -lrt:
_mkltmp6OpwLO.c:2:10: fatal error: curl/curl.h: No such file or directory
    2 | #include <curl/curl.h>
      |          ^~~~~~~~~~~~~
compilation terminated.
source: 
#include <curl/curl.h>

void foo (void) {
     curl_global_init(CURL_GLOBAL_DEFAULT);
}

DBG 55979: pkg-config check libm for CFLAGS (): pkg-config --short-errors --cflags libm
DBG 55979: 'pkg-config --short-errors --cflags libm' failed: No package 'libm' found
DBG 55979: Setting libm_PKGCONFIG (libm_PKGCONFIG) status to failed (action cont)
DBG 55979: Check libm_PKGCONFIG (, action cont (originally cont)) failed: 'pkg-config --short-errors --cflags libm' failed:
No package 'libm' found
DBG 55979: libm: Check for static library (libs -lm, arfile variable STATIC_LIB_libm=, static filenames )
DBG 55979: Compile check libm () (sub=0): gcc  -g -O2 -fPIC -Wall -Wsign-compare -Wfloat-equal -Wpointer-arith -Wcast-align -Wall -Werror _mkltmpMnHBsd.c -o _mkltmpMnHBsd.c.o  -L/home/shsnow/Documents/CodeWatonesGPT/T2SD/Kfka/node_modules/node-rdkafka/build/deps -lm -lz -ldl -lpthread -lrt -lpthread -lrt
DBG 55979: Setting libm (libm) status to ok (action disable)
DBG 55979: libm: from lib_check: LIBS: prepend -lm
DBG 55979: pkg-config check liblz4 for CFLAGS (WITH_LZ4_EXT): pkg-config --short-errors --cflags liblz4
DBG 55979: 'pkg-config --short-errors --cflags liblz4' failed: No package 'liblz4' found
DBG 55979: Setting liblz4_PKGCONFIG (liblz4_PKGCONFIG) status to failed (action cont)
DBG 55979: Check liblz4_PKGCONFIG (, action cont (originally cont)) failed: 'pkg-config --short-errors --cflags liblz4' failed:
No package 'liblz4' found
DBG 55979: liblz4: Check for static library (libs -llz4, arfile variable STATIC_LIB_liblz4=, static filenames liblz4.a)
DBG 55979: Compile check liblz4 (WITH_LZ4_EXT) (sub=0): gcc  -g -O2 -fPIC -Wall -Wsign-compare -Wfloat-equal -Wpointer-arith -Wcast-align -Wall -Werror _mkltmp4CIw5o.c -o _mkltmp4CIw5o.c.o  -L/home/shsnow/Documents/CodeWatonesGPT/T2SD/Kfka/node_modules/node-rdkafka/build/deps -llz4 -lm -lz -ldl -lpthread -lrt -lpthread -lrt
DBG 55979: compile check for liblz4 (WITH_LZ4_EXT) failed: gcc  -g -O2 -fPIC -Wall -Wsign-compare -Wfloat-equal -Wpointer-arith -Wcast-align -Wall -Werror _mkltmp4CIw5o.c -o _mkltmp4CIw5o.c.o  -L/home/shsnow/Documents/CodeWatonesGPT/T2SD/Kfka/node_modules/node-rdkafka/build/deps -llz4 -lm -lz -ldl -lpthread -lrt -lpthread -lrt: _mkltmp4CIw5o.c:1:10: fatal error: lz4frame.h: No such file or directory
    1 | #include <lz4frame.h>
      |          ^~~~~~~~~~~~
compilation terminated.
DBG 55979: Setting liblz4 (liblz4) status to failed (action disable)
DBG 55979: Check liblz4 (WITH_LZ4_EXT, action disable (originally disable)) failed: compile check failed:
CC: CC
flags: -llz4
gcc  -g -O2 -fPIC -Wall -Wsign-compare -Wfloat-equal -Wpointer-arith -Wcast-align -Wall -Werror _mkltmp4CIw5o.c -o _mkltmp4CIw5o.c.o  -L/home/shsnow/Documents/CodeWatonesGPT/T2SD/Kfka/node_modules/node-rdkafka/build/deps -llz4 -lm -lz -ldl -lpthread -lrt -lpthread -lrt:
_mkltmp4CIw5o.c:1:10: fatal error: lz4frame.h: No such file or directory
    1 | #include <lz4frame.h>
      |          ^~~~~~~~~~~~
compilation terminated.
source: #include <lz4frame.h>
DBG 55979: Compile check syslog (WITH_SYSLOG) (sub=0): gcc  -g -O2 -fPIC -Wall -Wsign-compare -Wfloat-equal -Wpointer-arith -Wcast-align -Wall -Werror _mkltmpGUkTgy.c -o _mkltmpGUkTgy.c.o  -L/home/shsnow/Documents/CodeWatonesGPT/T2SD/Kfka/node_modules/node-rdkafka/build/deps  -lm -lz -ldl -lpthread -lrt -lpthread -lrt
DBG 55979: Setting syslog (syslog) status to ok (action disable)
DBG 55979: Compile check rapidjson (WITH_RAPIDJSON) (sub=0): g++  -g -O2 -fPIC -Wall -Wsign-compare -Wfloat-equal -Wpointer-arith -Wcast-align -Wall -Werror _mkltmpC5JTxq.cpp -o _mkltmpC5JTxq.cpp.o  -L/home/shsnow/Documents/CodeWatonesGPT/T2SD/Kfka/node_modules/node-rdkafka/build/deps  -lm -lz -ldl -lpthread -lrt -lpthread -lrt
DBG 55979: compile check for rapidjson (WITH_RAPIDJSON) failed: g++  -g -O2 -fPIC -Wall -Wsign-compare -Wfloat-equal -Wpointer-arith -Wcast-align -Wall -Werror _mkltmpC5JTxq.cpp -o _mkltmpC5JTxq.cpp.o  -L/home/shsnow/Documents/CodeWatonesGPT/T2SD/Kfka/node_modules/node-rdkafka/build/deps  -lm -lz -ldl -lpthread -lrt -lpthread -lrt: _mkltmpC5JTxq.cpp:1:10: fatal error: rapidjson/schema.h: No such file or directory
    1 | #include <rapidjson/schema.h>
      |          ^~~~~~~~~~~~~~~~~~~~
compilation terminated.
DBG 55979: Setting rapidjson (rapidjson) status to failed (action disable)
DBG 55979: Check rapidjson (WITH_RAPIDJSON, action disable (originally disable)) failed: compile check failed:
CC: CXX
flags: 
g++  -g -O2 -fPIC -Wall -Wsign-compare -Wfloat-equal -Wpointer-arith -Wcast-align -Wall -Werror _mkltmpC5JTxq.cpp -o _mkltmpC5JTxq.cpp.o  -L/home/shsnow/Documents/CodeWatonesGPT/T2SD/Kfka/node_modules/node-rdkafka/build/deps  -lm -lz -ldl -lpthread -lrt -lpthread -lrt:
_mkltmpC5JTxq.cpp:1:10: fatal error: rapidjson/schema.h: No such file or directory
    1 | #include <rapidjson/schema.h>
      |          ^~~~~~~~~~~~~~~~~~~~
compilation terminated.
source: #include <rapidjson/schema.h>
DBG 55979: Compile check crc32chw (WITH_CRC32C_HW) (sub=0): gcc  -g -O2 -fPIC -Wall -Wsign-compare -Wfloat-equal -Wpointer-arith -Wcast-align -Wall -Werror _mkltmpMLseHm.c -o _mkltmpMLseHm.c.o  -L/home/shsnow/Documents/CodeWatonesGPT/T2SD/Kfka/node_modules/node-rdkafka/build/deps  -lm -lz -ldl -lpthread -lrt -lpthread -lrt
DBG 55979: Setting crc32chw (crc32chw) status to ok (action disable)
DBG 55979: Compile check regex (HAVE_REGEX) (sub=0): gcc  -g -O2 -fPIC -Wall -Wsign-compare -Wfloat-equal -Wpointer-arith -Wcast-align -Wall -Werror _mkltmp0YcnxV.c -o _mkltmp0YcnxV.c.o  -L/home/shsnow/Documents/CodeWatonesGPT/T2SD/Kfka/node_modules/node-rdkafka/build/deps  -lm -lz -ldl -lpthread -lrt -lpthread -lrt
DBG 55979: Setting regex (regex) status to ok (action disable)
DBG 55979: Compile check rand_r (HAVE_RAND_R) (sub=0): gcc  -g -O2 -fPIC -Wall -Wsign-compare -Wfloat-equal -Wpointer-arith -Wcast-align -Wall -Werror _mkltmpxSnMGl.c -o _mkltmpxSnMGl.c.o  -L/home/shsnow/Documents/CodeWatonesGPT/T2SD/Kfka/node_modules/node-rdkafka/build/deps  -lm -lz -ldl -lpthread -lrt -lpthread -lrt
DBG 55979: Setting rand_r (rand_r) status to ok (action disable)
DBG 55979: Compile check strndup (HAVE_STRNDUP) (sub=0): gcc  -g -O2 -fPIC -Wall -Wsign-compare -Wfloat-equal -Wpointer-arith -Wcast-align -Wall -Werror _mkltmpo7JJBb.c -o _mkltmpo7JJBb.c.o  -L/home/shsnow/Documents/CodeWatonesGPT/T2SD/Kfka/node_modules/node-rdkafka/build/deps  -lm -lz -ldl -lpthread -lrt -lpthread -lrt
DBG 55979: Setting strndup (strndup) status to ok (action disable)
DBG 55979: Compile check strlcpy (HAVE_STRLCPY) (sub=0): gcc  -g -O2 -fPIC -Wall -Wsign-compare -Wfloat-equal -Wpointer-arith -Wcast-align -Wall -Werror _mkltmpE9BQdG.c -o _mkltmpE9BQdG.c.o  -L/home/shsnow/Documents/CodeWatonesGPT/T2SD/Kfka/node_modules/node-rdkafka/build/deps  -lm -lz -ldl -lpthread -lrt -lpthread -lrt
DBG 55979: compile check for strlcpy (HAVE_STRLCPY) failed: gcc  -g -O2 -fPIC -Wall -Wsign-compare -Wfloat-equal -Wpointer-arith -Wcast-align -Wall -Werror _mkltmpE9BQdG.c -o _mkltmpE9BQdG.c.o  -L/home/shsnow/Documents/CodeWatonesGPT/T2SD/Kfka/node_modules/node-rdkafka/build/deps  -lm -lz -ldl -lpthread -lrt -lpthread -lrt: _mkltmpE9BQdG.c: In function ‘foo’:
_mkltmpE9BQdG.c:6:11: error: implicit declaration of function ‘strlcpy’; did you mean ‘strncpy’? [-Werror=implicit-function-declaration]
    6 |    return strlcpy(dest, "something", sizeof(dest));
      |           ^~~~~~~
      |           strncpy
cc1: all warnings being treated as errors
DBG 55979: Setting strlcpy (strlcpy) status to failed (action disable)
DBG 55979: Check strlcpy (HAVE_STRLCPY, action disable (originally disable)) failed: compile check failed:
CC: CC
flags: 
gcc  -g -O2 -fPIC -Wall -Wsign-compare -Wfloat-equal -Wpointer-arith -Wcast-align -Wall -Werror _mkltmpE9BQdG.c -o _mkltmpE9BQdG.c.o  -L/home/shsnow/Documents/CodeWatonesGPT/T2SD/Kfka/node_modules/node-rdkafka/build/deps  -lm -lz -ldl -lpthread -lrt -lpthread -lrt:
_mkltmpE9BQdG.c: In function ‘foo’:
_mkltmpE9BQdG.c:6:11: error: implicit declaration of function ‘strlcpy’; did you mean ‘strncpy’? [-Werror=implicit-function-declaration]
    6 |    return strlcpy(dest, "something", sizeof(dest));
      |           ^~~~~~~
      |           strncpy
cc1: all warnings being treated as errors
source: 
#define _DARWIN_C_SOURCE
#include <string.h>
int foo (void) {
    char dest[4];
   return strlcpy(dest, "something", sizeof(dest));
}
DBG 55979: Compile check strerror_r (HAVE_STRERROR_R) (sub=0): gcc  -g -O2 -fPIC -Wall -Wsign-compare -Wfloat-equal -Wpointer-arith -Wcast-align -Wall -Werror _mkltmpapqv88.c -o _mkltmpapqv88.c.o  -L/home/shsnow/Documents/CodeWatonesGPT/T2SD/Kfka/node_modules/node-rdkafka/build/deps  -lm -lz -ldl -lpthread -lrt -lpthread -lrt
DBG 55979: Setting strerror_r (strerror_r) status to ok (action disable)
DBG 55979: Compile check strcasestr (HAVE_STRCASESTR) (sub=0): gcc  -g -O2 -fPIC -Wall -Wsign-compare -Wfloat-equal -Wpointer-arith -Wcast-align -Wall -Werror _mkltmpMnRBq5.c -o _mkltmpMnRBq5.c.o  -L/home/shsnow/Documents/CodeWatonesGPT/T2SD/Kfka/node_modules/node-rdkafka/build/deps  -lm -lz -ldl -lpthread -lrt -lpthread -lrt
DBG 55979: Setting strcasestr (strcasestr) status to ok (action disable)
DBG 55979: Compile check pthread_setname_gnu (HAVE_PTHREAD_SETNAME_GNU) (sub=0): gcc  -g -O2 -fPIC -Wall -Wsign-compare -Wfloat-equal -Wpointer-arith -Wcast-align -Wall -Werror _mkltmp8rLgrA.c -o _mkltmp8rLgrA.c.o  -L/home/shsnow/Documents/CodeWatonesGPT/T2SD/Kfka/node_modules/node-rdkafka/build/deps -D_GNU_SOURCE -lpthread -lm -lz -ldl -lpthread -lrt -lpthread -lrt
DBG 55979: Setting pthread_setname_gnu (pthread_setname_gnu) status to ok (action disable)
DBG 55979: Setting nm (nm) status to ok (action cont)
DBG 55979: Setting python3 (python3) status to ok (action disable)
DBG 55979: Compile check getrusage (HAVE_GETRUSAGE) (sub=0): gcc  -g -O2 -fPIC -Wall -Wsign-compare -Wfloat-equal -Wpointer-arith -Wcast-align -Wall -Werror _mkltmpF04Ezq.c -o _mkltmpF04Ezq.c.o  -L/home/shsnow/Documents/CodeWatonesGPT/T2SD/Kfka/node_modules/node-rdkafka/build/deps  -lm -lz -ldl -lpthread -lrt -lpthread -lrt
DBG 55979: Setting getrusage (getrusage) status to ok (action disable)
